<?xml version="1.0" encoding="UTF-8"?>
<robot generator="Robot 4.0.3 (Python 3.9.5 on win32)" generated="20210614 21:35:06.173" rpa="false" schemaversion="2">
<suite id="s1" name="Variables" source="C:\Users\marco\Dropbox\TestedeSoftware\Robot\PrimeExperts\variables">
<suite id="s1-s1" name="Teste Variaveis" source="C:\Users\marco\Dropbox\TestedeSoftware\Robot\PrimeExperts\variables\teste_variaveis.robot">
<test id="s1-s1-t1" name="Meu Teste de Impressão de Mensagem no Terminal">
<kw name="Logar no meu Terminal uma Mensagem">
<kw name="Log To Console" library="BuiltIn">
<arg>${\n}</arg>
<doc>Logs the given message to the console.</doc>
<status status="PASS" starttime="20210614 21:35:06.262" endtime="20210614 21:35:06.263"/>
</kw>
<kw name="Log To Console" library="BuiltIn">
<arg>${MENSAGEM}</arg>
<doc>Logs the given message to the console.</doc>
<status status="PASS" starttime="20210614 21:35:06.263" endtime="20210614 21:35:06.263"/>
</kw>
<status status="PASS" starttime="20210614 21:35:06.262" endtime="20210614 21:35:06.263"/>
</kw>
<status status="PASS" starttime="20210614 21:35:06.261" endtime="20210614 21:35:06.264"/>
</test>
<doc>Meu teste de Variaveis</doc>
<status status="PASS" starttime="20210614 21:35:06.254" endtime="20210614 21:35:06.265"/>
</suite>
<status status="PASS" starttime="20210614 21:35:06.177" endtime="20210614 21:35:06.266"/>
</suite>
<statistics>
<total>
<stat pass="1" fail="0" skip="0">All Tests</stat>
</total>
<tag>
</tag>
<suite>
<stat pass="1" fail="0" skip="0" id="s1" name="Variables">Variables</stat>
<stat pass="1" fail="0" skip="0" id="s1-s1" name="Teste Variaveis">Variables.Teste Variaveis</stat>
</suite>
</statistics>
<errors>
</errors>
</robot>
