<?xml version="1.0" encoding="UTF-8"?>
<robot generator="Robot 4.0.3 (Python 3.9.5 on win32)" generated="20210615 21:12:56.347" rpa="false" schemaversion="2">
<suite id="s1" name="Exercicio2 FOR" source="C:\Users\marco\Dropbox\TestedeSoftware\Robot\PrimeExperts\For\Exercicio2_FOR.robot">
<test id="s1-t1" name="Teste de Imprimir Lista">
<kw name="Imprimir Lista">
<for flavor="IN">
<var>${pais}</var>
<value>@{PAISES}</value>
<iter>
<var name="${pais}">maça</var>
<kw name="Log To Console" library="BuiltIn">
<arg>País: ${pais}</arg>
<doc>Logs the given message to the console.</doc>
<status status="PASS" starttime="20210615 21:12:56.401" endtime="20210615 21:12:56.403"/>
</kw>
<status status="PASS" starttime="20210615 21:12:56.401" endtime="20210615 21:12:56.403"/>
</iter>
<iter>
<var name="${pais}">banana</var>
<kw name="Log To Console" library="BuiltIn">
<arg>País: ${pais}</arg>
<doc>Logs the given message to the console.</doc>
<status status="PASS" starttime="20210615 21:12:56.404" endtime="20210615 21:12:56.407"/>
</kw>
<status status="PASS" starttime="20210615 21:12:56.404" endtime="20210615 21:12:56.408"/>
</iter>
<iter>
<var name="${pais}">laranja</var>
<kw name="Log To Console" library="BuiltIn">
<arg>País: ${pais}</arg>
<doc>Logs the given message to the console.</doc>
<status status="PASS" starttime="20210615 21:12:56.408" endtime="20210615 21:12:56.410"/>
</kw>
<status status="PASS" starttime="20210615 21:12:56.408" endtime="20210615 21:12:56.410"/>
</iter>
<iter>
<var name="${pais}">uva</var>
<kw name="Log To Console" library="BuiltIn">
<arg>País: ${pais}</arg>
<doc>Logs the given message to the console.</doc>
<status status="PASS" starttime="20210615 21:12:56.411" endtime="20210615 21:12:56.412"/>
</kw>
<status status="PASS" starttime="20210615 21:12:56.411" endtime="20210615 21:12:56.413"/>
</iter>
<iter>
<var name="${pais}">abacaxi</var>
<kw name="Log To Console" library="BuiltIn">
<arg>País: ${pais}</arg>
<doc>Logs the given message to the console.</doc>
<status status="PASS" starttime="20210615 21:12:56.413" endtime="20210615 21:12:56.414"/>
</kw>
<status status="PASS" starttime="20210615 21:12:56.413" endtime="20210615 21:12:56.414"/>
</iter>
<iter>
<var name="${pais}">pera</var>
<kw name="Log To Console" library="BuiltIn">
<arg>País: ${pais}</arg>
<doc>Logs the given message to the console.</doc>
<status status="PASS" starttime="20210615 21:12:56.415" endtime="20210615 21:12:56.416"/>
</kw>
<status status="PASS" starttime="20210615 21:12:56.414" endtime="20210615 21:12:56.417"/>
</iter>
<iter>
<var name="${pais}">melancia</var>
<kw name="Log To Console" library="BuiltIn">
<arg>País: ${pais}</arg>
<doc>Logs the given message to the console.</doc>
<status status="PASS" starttime="20210615 21:12:56.417" endtime="20210615 21:12:56.418"/>
</kw>
<status status="PASS" starttime="20210615 21:12:56.417" endtime="20210615 21:12:56.418"/>
</iter>
<iter>
<var name="${pais}">morango</var>
<kw name="Log To Console" library="BuiltIn">
<arg>País: ${pais}</arg>
<doc>Logs the given message to the console.</doc>
<status status="PASS" starttime="20210615 21:12:56.418" endtime="20210615 21:12:56.423"/>
</kw>
<status status="PASS" starttime="20210615 21:12:56.418" endtime="20210615 21:12:56.423"/>
</iter>
<status status="PASS" starttime="20210615 21:12:56.399" endtime="20210615 21:12:56.423"/>
</for>
<status status="PASS" starttime="20210615 21:12:56.398" endtime="20210615 21:12:56.425"/>
</kw>
<status status="PASS" starttime="20210615 21:12:56.397" endtime="20210615 21:12:56.425"/>
</test>
<doc>Exercicio de FOR</doc>
<status status="PASS" starttime="20210615 21:12:56.353" endtime="20210615 21:12:56.430"/>
</suite>
<statistics>
<total>
<stat pass="1" fail="0" skip="0">All Tests</stat>
</total>
<tag>
</tag>
<suite>
<stat pass="1" fail="0" skip="0" id="s1" name="Exercicio2 FOR">Exercicio2 FOR</stat>
</suite>
</statistics>
<errors>
</errors>
</robot>
