<?xml version="1.0" encoding="UTF-8"?>
<robot generator="Robot 4.0.3 (Python 3.9.5 on win32)" generated="20210620 22:06:10.483" rpa="false" schemaversion="2">
<suite id="s1" name="suiteWebTesting" source="C:\Users\marco\Dropbox\TestedeSoftware\Robot\PrimeExperts\DesafioWebTeste\suiteWebTesting.robot">
<kw name="Abrir o Navegador" library="resourceWebTesting" type="SETUP">
<kw name="Open Browser" library="SeleniumLibrary">
<arg>browser=firefox</arg>
<doc>Opens a new browser instance to the optional ``url``.</doc>
<msg timestamp="20210620 22:06:10.871" level="INFO">Opening browser 'firefox' to base url 'None'.</msg>
<msg timestamp="20210620 22:06:10.890" level="INFO">Firefox driver log is always forced to to: C:\Users\marco\Dropbox\TestedeSoftware\Robot\PrimeExperts\log\geckodriver-72.log</msg>
<status status="PASS" starttime="20210620 22:06:10.870" endtime="20210620 22:06:19.002"/>
</kw>
<kw name="Maximize Browser Window" library="SeleniumLibrary">
<doc>Maximizes current browser window.</doc>
<status status="PASS" starttime="20210620 22:06:19.002" endtime="20210620 22:06:19.271"/>
</kw>
<status status="PASS" starttime="20210620 22:06:10.868" endtime="20210620 22:06:19.271"/>
</kw>
<test id="s1-t1" name="Caso de Teste 01: Pesquisar produto existente e adicioná-lo no carrinho">
<kw name="Acessar a página home do site Automation Practice" library="resourceWebTesting">
<kw name="Go To" library="SeleniumLibrary">
<arg>${URL}</arg>
<doc>Navigates the current browser window to the provided ``url``.</doc>
<msg timestamp="20210620 22:06:19.273" level="INFO">Opening url 'http://automationpractice.com'</msg>
<status status="PASS" starttime="20210620 22:06:19.273" endtime="20210620 22:06:24.344"/>
</kw>
<kw name="Wait Until Element Is Visible" library="SeleniumLibrary">
<arg>xpath=//img[contains(@class,'logo img-responsive')]</arg>
<doc>Waits until the element ``locator`` is visible.</doc>
<status status="PASS" starttime="20210620 22:06:24.344" endtime="20210620 22:06:24.412"/>
</kw>
<status status="PASS" starttime="20210620 22:06:19.272" endtime="20210620 22:06:24.412"/>
</kw>
<kw name="Digitar o nome do produto &quot;Blouse&quot; no campo de pesquisa" library="resourceWebTesting" sourcename="Digitar o nome do produto &quot;${PRODUTO}&quot; no campo de pesquisa">
<kw name="Input Text" library="SeleniumLibrary">
<arg>id=search_query_top</arg>
<arg>${PRODUTO}</arg>
<doc>Types the given ``text`` into the text field identified by ``locator``.</doc>
<msg timestamp="20210620 22:06:24.415" level="INFO">Typing text 'Blouse' into text field 'id=search_query_top'.</msg>
<status status="PASS" starttime="20210620 22:06:24.414" endtime="20210620 22:06:24.556"/>
</kw>
<status status="PASS" starttime="20210620 22:06:24.413" endtime="20210620 22:06:24.556"/>
</kw>
<kw name="Clicar no botão pesquisar" library="resourceWebTesting">
<kw name="Click Button" library="SeleniumLibrary">
<arg>name=submit_search</arg>
<doc>Clicks the button identified by ``locator``.</doc>
<msg timestamp="20210620 22:06:24.560" level="INFO">Clicking button 'name=submit_search'.</msg>
<status status="PASS" starttime="20210620 22:06:24.559" endtime="20210620 22:06:26.754"/>
</kw>
<status status="PASS" starttime="20210620 22:06:24.559" endtime="20210620 22:06:26.755"/>
</kw>
<kw name="Conferir se o produto &quot;Blouse&quot; foi listado no site" library="resourceWebTesting" sourcename="Conferir se o produto &quot;${PRODUTO}&quot; foi listado no site">
<kw name="Wait Until Element Is Visible" library="SeleniumLibrary">
<arg>xpath=(//a[@class='product-name'][contains(.,'${PRODUTO}')])[2]</arg>
<doc>Waits until the element ``locator`` is visible.</doc>
<status status="PASS" starttime="20210620 22:06:26.757" endtime="20210620 22:06:26.821"/>
</kw>
<kw name="Wait Until Element Is Visible" library="SeleniumLibrary">
<arg>xpath=//img[contains(@alt,'${PRODUTO}')]</arg>
<doc>Waits until the element ``locator`` is visible.</doc>
<status status="PASS" starttime="20210620 22:06:26.821" endtime="20210620 22:06:26.852"/>
</kw>
<status status="PASS" starttime="20210620 22:06:26.756" endtime="20210620 22:06:26.853"/>
</kw>
<kw name="Adicionar o produto &quot;Blouse&quot; no carrinho" library="resourceWebTesting" sourcename="Adicionar o produto &quot;${PRODUTO}&quot; no carrinho">
<kw name="Execute Javascript" library="SeleniumLibrary">
<arg>window.scrollTo(0,150)</arg>
<doc>Executes the given JavaScript code with possible arguments.</doc>
<msg timestamp="20210620 22:06:26.856" level="INFO">Executing JavaScript:
window.scrollTo(0,150)
Without any arguments.</msg>
<status status="PASS" starttime="20210620 22:06:26.855" endtime="20210620 22:06:26.991"/>
</kw>
<kw name="Scroll Element Into View" library="SeleniumLibrary">
<arg>xpath=(//a[@class='product-name'][contains(.,'${PRODUTO}')])[2]</arg>
<doc>Scrolls the element identified by ``locator`` into view.</doc>
<status status="PASS" starttime="20210620 22:06:26.991" endtime="20210620 22:06:27.268"/>
</kw>
<kw name="Mouse Over" library="SeleniumLibrary">
<arg>xpath=(//a[@class='product-name'][contains(.,'${PRODUTO}')])[2]</arg>
<doc>Simulates hovering the mouse over the element ``locator``.</doc>
<msg timestamp="20210620 22:06:27.270" level="INFO">Simulating Mouse Over on element 'xpath=(//a[@class='product-name'][contains(.,'Blouse')])[2]'.</msg>
<status status="PASS" starttime="20210620 22:06:27.269" endtime="20210620 22:06:27.556"/>
</kw>
<kw name="Click Element" library="SeleniumLibrary">
<arg>xpath=//span[contains(.,'Add to cart')]</arg>
<doc>Click the element identified by ``locator``.</doc>
<msg timestamp="20210620 22:06:27.557" level="INFO">Clicking element 'xpath=//span[contains(.,'Add to cart')]'.</msg>
<status status="PASS" starttime="20210620 22:06:27.557" endtime="20210620 22:06:28.184"/>
</kw>
<kw name="Click Element" library="SeleniumLibrary">
<arg>xpath=/html/body/div/div[2]/div/div[3]/div[2]/ul/li/div/div[2]/div[2]/a[1]/span</arg>
<doc>Click the element identified by ``locator``.</doc>
<msg timestamp="20210620 22:06:28.185" level="INFO">Clicking element 'xpath=/html/body/div/div[2]/div/div[3]/div[2]/ul/li/div/div[2]/div[2]/a[1]/span'.</msg>
<status status="PASS" starttime="20210620 22:06:28.185" endtime="20210620 22:06:28.419"/>
</kw>
<kw name="Wait Until Element Is Visible" library="SeleniumLibrary">
<arg>xpath=//span[contains(.,'Proceed to checkout')]</arg>
<doc>Waits until the element ``locator`` is visible.</doc>
<status status="PASS" starttime="20210620 22:06:28.419" endtime="20210620 22:06:28.457"/>
</kw>
<kw name="Click Element" library="SeleniumLibrary">
<arg>xpath=//span[contains(.,'Proceed to checkout')]</arg>
<doc>Click the element identified by ``locator``.</doc>
<msg timestamp="20210620 22:06:28.457" level="INFO">Clicking element 'xpath=//span[contains(.,'Proceed to checkout')]'.</msg>
<status status="PASS" starttime="20210620 22:06:28.457" endtime="20210620 22:06:30.784"/>
</kw>
<status status="PASS" starttime="20210620 22:06:26.853" endtime="20210620 22:06:30.785"/>
</kw>
<kw name="Conferir se o produto &quot;Blouse&quot; foi adicionado no carrinho" library="resourceWebTesting" sourcename="Conferir se o produto &quot;${PRODUTO}&quot; foi adicionado no carrinho">
<kw name="Wait Until Element Is Visible" library="SeleniumLibrary">
<arg>xpath=(//a[contains(.,'${PRODUTO}')])[4]</arg>
<doc>Waits until the element ``locator`` is visible.</doc>
<status status="PASS" starttime="20210620 22:06:30.792" endtime="20210620 22:06:30.844"/>
</kw>
<status status="PASS" starttime="20210620 22:06:30.791" endtime="20210620 22:06:30.844"/>
</kw>
<status status="PASS" starttime="20210620 22:06:19.271" endtime="20210620 22:06:30.845"/>
</test>
<test id="s1-t2" name="Caso de Teste 02: Pesquisar produto não existente">
<kw name="Acessar a página home do site Automation Practice" library="resourceWebTesting">
<kw name="Go To" library="SeleniumLibrary">
<arg>${URL}</arg>
<doc>Navigates the current browser window to the provided ``url``.</doc>
<msg timestamp="20210620 22:06:30.849" level="INFO">Opening url 'http://automationpractice.com'</msg>
<status status="PASS" starttime="20210620 22:06:30.848" endtime="20210620 22:06:33.609"/>
</kw>
<kw name="Wait Until Element Is Visible" library="SeleniumLibrary">
<arg>xpath=//img[contains(@class,'logo img-responsive')]</arg>
<doc>Waits until the element ``locator`` is visible.</doc>
<status status="PASS" starttime="20210620 22:06:33.609" endtime="20210620 22:06:33.664"/>
</kw>
<status status="PASS" starttime="20210620 22:06:30.848" endtime="20210620 22:06:33.665"/>
</kw>
<kw name="Digitar o nome do produto &quot;itemNãoExistente&quot; no campo de pesquisa" library="resourceWebTesting" sourcename="Digitar o nome do produto &quot;${PRODUTO}&quot; no campo de pesquisa">
<kw name="Input Text" library="SeleniumLibrary">
<arg>id=search_query_top</arg>
<arg>${PRODUTO}</arg>
<doc>Types the given ``text`` into the text field identified by ``locator``.</doc>
<msg timestamp="20210620 22:06:33.667" level="INFO">Typing text 'itemNãoExistente' into text field 'id=search_query_top'.</msg>
<status status="PASS" starttime="20210620 22:06:33.666" endtime="20210620 22:06:33.810"/>
</kw>
<status status="PASS" starttime="20210620 22:06:33.665" endtime="20210620 22:06:33.810"/>
</kw>
<kw name="Clicar no botão pesquisar" library="resourceWebTesting">
<kw name="Click Button" library="SeleniumLibrary">
<arg>name=submit_search</arg>
<doc>Clicks the button identified by ``locator``.</doc>
<msg timestamp="20210620 22:06:33.814" level="INFO">Clicking button 'name=submit_search'.</msg>
<status status="PASS" starttime="20210620 22:06:33.814" endtime="20210620 22:06:35.421"/>
</kw>
<status status="PASS" starttime="20210620 22:06:33.813" endtime="20210620 22:06:35.422"/>
</kw>
<kw name="Conferir mensagem &quot;No results were found for your search &quot;itemNãoExistente&quot;" library="resourceWebTesting">
<kw name="Wait Until Element Is Visible" library="SeleniumLibrary">
<arg>xpath=//p[contains(@class,'alert alert-warning')]</arg>
<doc>Waits until the element ``locator`` is visible.</doc>
<status status="PASS" starttime="20210620 22:06:35.427" endtime="20210620 22:06:35.500"/>
</kw>
<status status="PASS" starttime="20210620 22:06:35.426" endtime="20210620 22:06:35.501"/>
</kw>
<status status="PASS" starttime="20210620 22:06:30.847" endtime="20210620 22:06:35.503"/>
</test>
<test id="s1-t3" name="Caso de Teste 03: Listar Produtos">
<kw name="Passar o mouse por cima da categoria &quot;Women&quot; no menu principal superior de categorias" library="resourceWebTesting">
<kw name="Mouse Over" library="SeleniumLibrary">
<arg>xpath=/html/body/div/div[1]/header/div[3]/div/div/div[6]/ul/li[1]/a</arg>
<doc>Simulates hovering the mouse over the element ``locator``.</doc>
<msg timestamp="20210620 22:06:35.510" level="INFO">Simulating Mouse Over on element 'xpath=/html/body/div/div[1]/header/div[3]/div/div/div[6]/ul/li[1]/a'.</msg>
<status status="PASS" starttime="20210620 22:06:35.509" endtime="20210620 22:06:35.803"/>
</kw>
<kw name="Wait Until Element Is Visible" library="SeleniumLibrary">
<arg>xpath=(//a[contains(@title,'Summer Dresses')])[1]</arg>
<doc>Waits until the element ``locator`` is visible.</doc>
<status status="PASS" starttime="20210620 22:06:35.803" endtime="20210620 22:06:36.068"/>
</kw>
<status status="PASS" starttime="20210620 22:06:35.509" endtime="20210620 22:06:36.068"/>
</kw>
<kw name="Clicar na sub categoria &quot;Summer Dresses&quot;" library="resourceWebTesting">
<kw name="Click Element" library="SeleniumLibrary">
<arg>xpath=/html/body/div/div[1]/header/div[3]/div/div/div[6]/ul/li[1]/ul/li[2]/ul/li[3]/a</arg>
<doc>Click the element identified by ``locator``.</doc>
<msg timestamp="20210620 22:06:36.071" level="INFO">Clicking element 'xpath=/html/body/div/div[1]/header/div[3]/div/div/div[6]/ul/li[1]/ul/li[2]/ul/li[3]/a'.</msg>
<status status="PASS" starttime="20210620 22:06:36.070" endtime="20210620 22:06:40.076"/>
</kw>
<status status="PASS" starttime="20210620 22:06:36.069" endtime="20210620 22:06:40.077"/>
</kw>
<kw name="Conferir se os produtos da sub-categoria &quot;Summer Dresses&quot; foram mostrados na página" library="resourceWebTesting">
<kw name="Wait Until Element Is Visible" library="SeleniumLibrary">
<arg>xpath=(//div[@class='product-count'])[1]</arg>
<doc>Waits until the element ``locator`` is visible.</doc>
<status status="PASS" starttime="20210620 22:06:40.079" endtime="20210620 22:06:40.118"/>
</kw>
<status status="PASS" starttime="20210620 22:06:40.078" endtime="20210620 22:06:40.118"/>
</kw>
<status status="PASS" starttime="20210620 22:06:35.507" endtime="20210620 22:06:40.120"/>
</test>
<test id="s1-t4" name="Caso de Teste 04: Adicionar Cliente">
<kw name="Acessar a página home do site" library="resourceWebTesting">
<kw name="Go To" library="SeleniumLibrary">
<arg>${URL}</arg>
<doc>Navigates the current browser window to the provided ``url``.</doc>
<msg timestamp="20210620 22:06:40.125" level="INFO">Opening url 'http://automationpractice.com'</msg>
<status status="PASS" starttime="20210620 22:06:40.124" endtime="20210620 22:06:43.156"/>
</kw>
<kw name="Wait Until Element Is Visible" library="SeleniumLibrary">
<arg>xpath=//img[contains(@class,'logo img-responsive')]</arg>
<doc>Waits until the element ``locator`` is visible.</doc>
<status status="PASS" starttime="20210620 22:06:43.156" endtime="20210620 22:06:43.225"/>
</kw>
<status status="PASS" starttime="20210620 22:06:40.124" endtime="20210620 22:06:43.226"/>
</kw>
<kw name="Clicar em &quot;Sign in&quot;" library="resourceWebTesting">
<kw name="Click Element" library="SeleniumLibrary">
<arg>xpath=/html/body/div/div[1]/header/div[2]/div/div/nav/div[1]/a</arg>
<doc>Click the element identified by ``locator``.</doc>
<msg timestamp="20210620 22:06:43.228" level="INFO">Clicking element 'xpath=/html/body/div/div[1]/header/div[2]/div/div/nav/div[1]/a'.</msg>
<status status="PASS" starttime="20210620 22:06:43.228" endtime="20210620 22:06:45.551"/>
</kw>
<status status="PASS" starttime="20210620 22:06:43.227" endtime="20210620 22:06:45.552"/>
</kw>
<kw name="Informar um e-mail válido" library="resourceWebTesting">
<kw name="Input Text" library="SeleniumLibrary">
<arg>id=email_create</arg>
<arg>${e-mail}</arg>
<doc>Types the given ``text`` into the text field identified by ``locator``.</doc>
<msg timestamp="20210620 22:06:45.555" level="INFO">Typing text 'marcos.silva@testemail_8.com' into text field 'id=email_create'.</msg>
<status status="PASS" starttime="20210620 22:06:45.553" endtime="20210620 22:06:45.722"/>
</kw>
<status status="PASS" starttime="20210620 22:06:45.552" endtime="20210620 22:06:45.722"/>
</kw>
<kw name="Clicar em &quot;Create an account&quot;" library="resourceWebTesting">
<kw name="Click Element" library="SeleniumLibrary">
<arg>xpath=//*[@id="SubmitCreate"]</arg>
<doc>Click the element identified by ``locator``.</doc>
<msg timestamp="20210620 22:06:45.724" level="INFO">Clicking element 'xpath=//*[@id="SubmitCreate"]'.</msg>
<status status="PASS" starttime="20210620 22:06:45.724" endtime="20210620 22:06:46.025"/>
</kw>
<status status="PASS" starttime="20210620 22:06:45.723" endtime="20210620 22:06:46.026"/>
</kw>
<kw name="Preencher os dados obrigatórios" library="resourceWebTesting">
<kw name="Wait Until Element Is Visible" library="SeleniumLibrary">
<arg>xpath=//h3[@class='page-subheading'][contains(.,'Your personal information')]</arg>
<doc>Waits until the element ``locator`` is visible.</doc>
<status status="PASS" starttime="20210620 22:06:46.027" endtime="20210620 22:06:47.996"/>
</kw>
<kw name="Click Element" library="SeleniumLibrary">
<arg>xpath=(//input[@value='1'])[1]</arg>
<doc>Click the element identified by ``locator``.</doc>
<msg timestamp="20210620 22:06:47.997" level="INFO">Clicking element 'xpath=(//input[@value='1'])[1]'.</msg>
<status status="PASS" starttime="20210620 22:06:47.997" endtime="20210620 22:06:48.224"/>
</kw>
<kw name="Input Text" library="SeleniumLibrary">
<arg>id=customer_firstname</arg>
<arg>${nome}</arg>
<doc>Types the given ``text`` into the text field identified by ``locator``.</doc>
<msg timestamp="20210620 22:06:48.225" level="INFO">Typing text 'Marcos' into text field 'id=customer_firstname'.</msg>
<status status="PASS" starttime="20210620 22:06:48.224" endtime="20210620 22:06:48.265"/>
</kw>
<kw name="Input Text" library="SeleniumLibrary">
<arg>id=customer_lastname</arg>
<arg>${sobrenome}</arg>
<doc>Types the given ``text`` into the text field identified by ``locator``.</doc>
<msg timestamp="20210620 22:06:48.266" level="INFO">Typing text 'Silva' into text field 'id=customer_lastname'.</msg>
<status status="PASS" starttime="20210620 22:06:48.265" endtime="20210620 22:06:48.309"/>
</kw>
<kw name="Input Text" library="SeleniumLibrary">
<arg>id=passwd</arg>
<arg>${senha}</arg>
<doc>Types the given ``text`` into the text field identified by ``locator``.</doc>
<msg timestamp="20210620 22:06:48.310" level="INFO">Typing text '12345' into text field 'id=passwd'.</msg>
<status status="PASS" starttime="20210620 22:06:48.309" endtime="20210620 22:06:48.352"/>
</kw>
<kw name="Click Element" library="SeleniumLibrary">
<arg>id=days</arg>
<doc>Click the element identified by ``locator``.</doc>
<msg timestamp="20210620 22:06:48.354" level="INFO">Clicking element 'id=days'.</msg>
<status status="PASS" starttime="20210620 22:06:48.353" endtime="20210620 22:06:48.647"/>
</kw>
<kw name="Mouse Over" library="SeleniumLibrary">
<arg>id=days</arg>
<doc>Simulates hovering the mouse over the element ``locator``.</doc>
<msg timestamp="20210620 22:06:48.648" level="INFO">Simulating Mouse Over on element 'id=days'.</msg>
<status status="PASS" starttime="20210620 22:06:48.648" endtime="20210620 22:06:48.948"/>
</kw>
<kw name="Click Element" library="SeleniumLibrary">
<arg>xpath=/html/body/div/div[2]/div/div[3]/div/div/form/div[1]/div[6]/div/div[1]/div/select/option[19]</arg>
<doc>Click the element identified by ``locator``.</doc>
<msg timestamp="20210620 22:06:48.950" level="INFO">Clicking element 'xpath=/html/body/div/div[2]/div/div[3]/div/div/form/div[1]/div[6]/div/div[1]/div/select/option[19]'.</msg>
<status status="PASS" starttime="20210620 22:06:48.949" endtime="20210620 22:06:49.207"/>
</kw>
<kw name="Click Element" library="SeleniumLibrary">
<arg>id=months</arg>
<doc>Click the element identified by ``locator``.</doc>
<msg timestamp="20210620 22:06:49.208" level="INFO">Clicking element 'id=months'.</msg>
<status status="PASS" starttime="20210620 22:06:49.208" endtime="20210620 22:06:49.501"/>
</kw>
<kw name="Mouse Over" library="SeleniumLibrary">
<arg>id=months</arg>
<doc>Simulates hovering the mouse over the element ``locator``.</doc>
<msg timestamp="20210620 22:06:49.503" level="INFO">Simulating Mouse Over on element 'id=months'.</msg>
<status status="PASS" starttime="20210620 22:06:49.502" endtime="20210620 22:06:49.796"/>
</kw>
<kw name="Click Element" library="SeleniumLibrary">
<arg>xpath=/html/body/div/div[2]/div/div[3]/div/div/form/div[1]/div[6]/div/div[2]/div/select/option[3]</arg>
<doc>Click the element identified by ``locator``.</doc>
<msg timestamp="20210620 22:06:49.798" level="INFO">Clicking element 'xpath=/html/body/div/div[2]/div/div[3]/div/div/form/div[1]/div[6]/div/div[2]/div/select/option[3]'.</msg>
<status status="PASS" starttime="20210620 22:06:49.797" endtime="20210620 22:06:50.060"/>
</kw>
<kw name="Click Element" library="SeleniumLibrary">
<arg>id=years</arg>
<doc>Click the element identified by ``locator``.</doc>
<msg timestamp="20210620 22:06:50.061" level="INFO">Clicking element 'id=years'.</msg>
<status status="PASS" starttime="20210620 22:06:50.060" endtime="20210620 22:06:50.386"/>
</kw>
<kw name="Mouse Over" library="SeleniumLibrary">
<arg>id=years</arg>
<doc>Simulates hovering the mouse over the element ``locator``.</doc>
<msg timestamp="20210620 22:06:50.388" level="INFO">Simulating Mouse Over on element 'id=years'.</msg>
<status status="PASS" starttime="20210620 22:06:50.387" endtime="20210620 22:06:50.696"/>
</kw>
<kw name="Click Element" library="SeleniumLibrary">
<arg>xpath=/html/body/div/div[2]/div/div[3]/div/div/form/div[1]/div[6]/div/div[3]/div/select/option[42]</arg>
<doc>Click the element identified by ``locator``.</doc>
<msg timestamp="20210620 22:06:50.697" level="INFO">Clicking element 'xpath=/html/body/div/div[2]/div/div[3]/div/div/form/div[1]/div[6]/div/div[3]/div/select/option[42]'.</msg>
<status status="PASS" starttime="20210620 22:06:50.696" endtime="20210620 22:06:50.934"/>
</kw>
<kw name="Input Text" library="SeleniumLibrary">
<arg>id=firstname</arg>
<arg>${nome}</arg>
<doc>Types the given ``text`` into the text field identified by ``locator``.</doc>
<msg timestamp="20210620 22:06:50.935" level="INFO">Typing text 'Marcos' into text field 'id=firstname'.</msg>
<status status="PASS" starttime="20210620 22:06:50.935" endtime="20210620 22:06:51.028"/>
</kw>
<kw name="Input Text" library="SeleniumLibrary">
<arg>id=lastname</arg>
<arg>${sobrenome}</arg>
<doc>Types the given ``text`` into the text field identified by ``locator``.</doc>
<msg timestamp="20210620 22:06:51.030" level="INFO">Typing text 'Silva' into text field 'id=lastname'.</msg>
<status status="PASS" starttime="20210620 22:06:51.028" endtime="20210620 22:06:51.096"/>
</kw>
<kw name="Input Text" library="SeleniumLibrary">
<arg>id=address1</arg>
<arg>${endereço} num: ${numero}</arg>
<doc>Types the given ``text`` into the text field identified by ``locator``.</doc>
<msg timestamp="20210620 22:06:51.097" level="INFO">Typing text 'Av Sorte Grande num: 333' into text field 'id=address1'.</msg>
<status status="PASS" starttime="20210620 22:06:51.096" endtime="20210620 22:06:51.171"/>
</kw>
<kw name="Input Text" library="SeleniumLibrary">
<arg>id=address2</arg>
<arg>${bairro}</arg>
<doc>Types the given ``text`` into the text field identified by ``locator``.</doc>
<msg timestamp="20210620 22:06:51.173" level="INFO">Typing text 'Hortolandia' into text field 'id=address2'.</msg>
<status status="PASS" starttime="20210620 22:06:51.172" endtime="20210620 22:06:51.211"/>
</kw>
<kw name="Input Text" library="SeleniumLibrary">
<arg>id=city</arg>
<arg>${cidade}</arg>
<doc>Types the given ``text`` into the text field identified by ``locator``.</doc>
<msg timestamp="20210620 22:06:51.213" level="INFO">Typing text 'Cidade de Deus' into text field 'id=city'.</msg>
<status status="PASS" starttime="20210620 22:06:51.212" endtime="20210620 22:06:51.255"/>
</kw>
<kw name="Click Element" library="SeleniumLibrary">
<arg>id=id_country</arg>
<doc>Click the element identified by ``locator``.</doc>
<msg timestamp="20210620 22:06:51.257" level="INFO">Clicking element 'id=id_country'.</msg>
<status status="PASS" starttime="20210620 22:06:51.256" endtime="20210620 22:06:51.517"/>
</kw>
<kw name="Mouse Over" library="SeleniumLibrary">
<arg>id=id_country</arg>
<doc>Simulates hovering the mouse over the element ``locator``.</doc>
<msg timestamp="20210620 22:06:51.519" level="INFO">Simulating Mouse Over on element 'id=id_country'.</msg>
<status status="PASS" starttime="20210620 22:06:51.518" endtime="20210620 22:06:51.797"/>
</kw>
<kw name="Click Element" library="SeleniumLibrary">
<arg>xpath=/html/body/div/div[2]/div/div[3]/div/div/form/div[2]/p[9]/div/select/option[2]</arg>
<doc>Click the element identified by ``locator``.</doc>
<msg timestamp="20210620 22:06:51.799" level="INFO">Clicking element 'xpath=/html/body/div/div[2]/div/div[3]/div/div/form/div[2]/p[9]/div/select/option[2]'.</msg>
<status status="PASS" starttime="20210620 22:06:51.798" endtime="20210620 22:06:52.092"/>
</kw>
<kw name="Click Element" library="SeleniumLibrary">
<arg>id=id_state</arg>
<doc>Click the element identified by ``locator``.</doc>
<msg timestamp="20210620 22:06:52.093" level="INFO">Clicking element 'id=id_state'.</msg>
<status status="PASS" starttime="20210620 22:06:52.092" endtime="20210620 22:06:52.433"/>
</kw>
<kw name="Mouse Over" library="SeleniumLibrary">
<arg>id=id_state</arg>
<doc>Simulates hovering the mouse over the element ``locator``.</doc>
<msg timestamp="20210620 22:06:52.435" level="INFO">Simulating Mouse Over on element 'id=id_state'.</msg>
<status status="PASS" starttime="20210620 22:06:52.434" endtime="20210620 22:06:52.726"/>
</kw>
<kw name="Click Element" library="SeleniumLibrary">
<arg>xpath=/html/body/div/div[2]/div/div[3]/div/div/form/div[2]/p[7]/div/select/option[6]</arg>
<doc>Click the element identified by ``locator``.</doc>
<msg timestamp="20210620 22:06:52.727" level="INFO">Clicking element 'xpath=/html/body/div/div[2]/div/div[3]/div/div/form/div[2]/p[7]/div/select/option[6]'.</msg>
<status status="PASS" starttime="20210620 22:06:52.726" endtime="20210620 22:06:52.982"/>
</kw>
<kw name="Input Text" library="SeleniumLibrary">
<arg>id=postcode</arg>
<arg>${cep}</arg>
<doc>Types the given ``text`` into the text field identified by ``locator``.</doc>
<msg timestamp="20210620 22:06:52.983" level="INFO">Typing text '98765' into text field 'id=postcode'.</msg>
<status status="PASS" starttime="20210620 22:06:52.982" endtime="20210620 22:06:53.043"/>
</kw>
<kw name="Input Text" library="SeleniumLibrary">
<arg>id=phone_mobile</arg>
<arg>${fone}</arg>
<doc>Types the given ``text`` into the text field identified by ``locator``.</doc>
<msg timestamp="20210620 22:06:53.044" level="INFO">Typing text '(51)98765432' into text field 'id=phone_mobile'.</msg>
<status status="PASS" starttime="20210620 22:06:53.043" endtime="20210620 22:06:53.099"/>
</kw>
<kw name="Input Text" library="SeleniumLibrary">
<arg>id=alias</arg>
<arg>${referencia}</arg>
<doc>Types the given ``text`` into the text field identified by ``locator``.</doc>
<msg timestamp="20210620 22:06:53.099" level="INFO">Typing text 'Casa da Vó' into text field 'id=alias'.</msg>
<status status="PASS" starttime="20210620 22:06:53.099" endtime="20210620 22:06:53.156"/>
</kw>
<status status="PASS" starttime="20210620 22:06:46.026" endtime="20210620 22:06:53.157"/>
</kw>
<kw name="Submeter cadastro" library="resourceWebTesting">
<kw name="Click Element" library="SeleniumLibrary">
<arg>xpath=//span[contains(.,'Register')]</arg>
<doc>Click the element identified by ``locator``.</doc>
<msg timestamp="20210620 22:06:53.160" level="INFO">Clicking element 'xpath=//span[contains(.,'Register')]'.</msg>
<status status="PASS" starttime="20210620 22:06:53.160" endtime="20210620 22:06:55.907"/>
</kw>
<status status="PASS" starttime="20210620 22:06:53.159" endtime="20210620 22:06:55.908"/>
</kw>
<kw name="Conferir se o cadastro foi efetuado com sucesso" library="resourceWebTesting">
<kw name="Wait Until Element Is Visible" library="SeleniumLibrary">
<arg>xpath=//*[@id="cart_title"]</arg>
<doc>Waits until the element ``locator`` is visible.</doc>
<status status="PASS" starttime="20210620 22:06:55.913" endtime="20210620 22:06:55.990"/>
</kw>
<status status="PASS" starttime="20210620 22:06:55.912" endtime="20210620 22:06:55.991"/>
</kw>
<status status="PASS" starttime="20210620 22:06:40.122" endtime="20210620 22:06:55.995"/>
</test>
<doc>Suíte de Testes WEB - Site: http://automationpractice.com</doc>
<status status="PASS" starttime="20210620 22:06:10.487" endtime="20210620 22:06:56.001"/>
</suite>
<statistics>
<total>
<stat pass="4" fail="0" skip="0">All Tests</stat>
</total>
<tag>
</tag>
<suite>
<stat pass="4" fail="0" skip="0" id="s1" name="suiteWebTesting">suiteWebTesting</stat>
</suite>
</statistics>
<errors>
</errors>
</robot>
